{"C:\\Users\\scott\\revature\\training\\projects\\CampPlannerBackend\\src\\model\\User.js": {"path":"C:\\Users\\scott\\revature\\training\\projects\\CampPlannerBackend\\src\\model\\User.js","statementMap":{"0":{"start":{"line":3,"column":4},"end":{"line":3,"column":29}},"1":{"start":{"line":4,"column":4},"end":{"line":4,"column":41}},"2":{"start":{"line":5,"column":4},"end":{"line":5,"column":31}},"3":{"start":{"line":9,"column":0},"end":{"line":9,"column":22}}},"fnMap":{"0":{"name":"(anonymous_0)","decl":{"start":{"line":2,"column":2},"end":{"line":2,"column":3}},"loc":{"start":{"line":2,"column":55},"end":{"line":6,"column":3}},"line":2}},"branchMap":{},"s":{"0":2,"1":2,"2":2,"3":1},"f":{"0":2},"b":{},"_coverageSchema":"1a1c01bbd47fc00a2c39e90264f33305004495a9","hash":"24bbf3c5786702a0e6b30e75c5f8db99b41c8ae2"}
,"C:\\Users\\scott\\revature\\training\\projects\\CampPlannerBackend\\src\\service\\userService.js": {"path":"C:\\Users\\scott\\revature\\training\\projects\\CampPlannerBackend\\src\\service\\userService.js","statementMap":{"0":{"start":{"line":1,"column":23},"end":{"line":1,"column":62}},"1":{"start":{"line":2,"column":19},"end":{"line":2,"column":44}},"2":{"start":{"line":3,"column":15},"end":{"line":3,"column":34}},"3":{"start":{"line":4,"column":13},"end":{"line":4,"column":37}},"4":{"start":{"line":5,"column":21},"end":{"line":5,"column":48}},"5":{"start":{"line":9,"column":2},"end":{"line":12,"column":3}},"6":{"start":{"line":10,"column":4},"end":{"line":10,"column":65}},"7":{"start":{"line":11,"column":4},"end":{"line":11,"column":59}},"8":{"start":{"line":15,"column":2},"end":{"line":18,"column":3}},"9":{"start":{"line":16,"column":4},"end":{"line":16,"column":48}},"10":{"start":{"line":17,"column":4},"end":{"line":17,"column":60}},"11":{"start":{"line":21,"column":21},"end":{"line":21,"column":23}},"12":{"start":{"line":22,"column":17},"end":{"line":22,"column":61}},"13":{"start":{"line":23,"column":20},"end":{"line":27,"column":4}},"14":{"start":{"line":30,"column":20},"end":{"line":30,"column":62}},"15":{"start":{"line":32,"column":2},"end":{"line":37,"column":3}},"16":{"start":{"line":33,"column":4},"end":{"line":33,"column":55}},"17":{"start":{"line":34,"column":4},"end":{"line":34,"column":21}},"18":{"start":{"line":36,"column":4},"end":{"line":36,"column":48}},"19":{"start":{"line":41,"column":2},"end":{"line":48,"column":4}},"20":{"start":{"line":52,"column":2},"end":{"line":55,"column":3}},"21":{"start":{"line":53,"column":4},"end":{"line":53,"column":48}},"22":{"start":{"line":54,"column":4},"end":{"line":54,"column":66}},"23":{"start":{"line":57,"column":15},"end":{"line":57,"column":63}},"24":{"start":{"line":58,"column":2},"end":{"line":61,"column":3}},"25":{"start":{"line":59,"column":4},"end":{"line":59,"column":62}},"26":{"start":{"line":60,"column":4},"end":{"line":60,"column":51}},"27":{"start":{"line":63,"column":16},"end":{"line":63,"column":67}},"28":{"start":{"line":64,"column":2},"end":{"line":67,"column":3}},"29":{"start":{"line":65,"column":4},"end":{"line":65,"column":66}},"30":{"start":{"line":66,"column":4},"end":{"line":66,"column":51}},"31":{"start":{"line":69,"column":2},"end":{"line":69,"column":39}},"32":{"start":{"line":70,"column":2},"end":{"line":70,"column":14}},"33":{"start":{"line":74,"column":2},"end":{"line":77,"column":3}},"34":{"start":{"line":75,"column":4},"end":{"line":75,"column":49}},"35":{"start":{"line":76,"column":4},"end":{"line":76,"column":48}},"36":{"start":{"line":79,"column":15},"end":{"line":79,"column":63}},"37":{"start":{"line":81,"column":2},"end":{"line":84,"column":3}},"38":{"start":{"line":82,"column":4},"end":{"line":82,"column":47}},"39":{"start":{"line":83,"column":4},"end":{"line":83,"column":46}},"40":{"start":{"line":86,"column":2},"end":{"line":86,"column":45}},"41":{"start":{"line":87,"column":2},"end":{"line":87,"column":28}},"42":{"start":{"line":91,"column":2},"end":{"line":94,"column":3}},"43":{"start":{"line":92,"column":4},"end":{"line":92,"column":45}},"44":{"start":{"line":93,"column":4},"end":{"line":93,"column":46}},"45":{"start":{"line":96,"column":15},"end":{"line":96,"column":59}},"46":{"start":{"line":98,"column":2},"end":{"line":101,"column":3}},"47":{"start":{"line":99,"column":4},"end":{"line":99,"column":43}},"48":{"start":{"line":100,"column":4},"end":{"line":100,"column":44}},"49":{"start":{"line":103,"column":2},"end":{"line":103,"column":43}},"50":{"start":{"line":104,"column":2},"end":{"line":104,"column":28}},"51":{"start":{"line":108,"column":2},"end":{"line":108,"column":20}},"52":{"start":{"line":109,"column":42},"end":{"line":109,"column":46}},"53":{"start":{"line":110,"column":2},"end":{"line":110,"column":18}},"54":{"start":{"line":114,"column":2},"end":{"line":117,"column":3}},"55":{"start":{"line":115,"column":4},"end":{"line":115,"column":49}},"56":{"start":{"line":116,"column":4},"end":{"line":116,"column":48}},"57":{"start":{"line":119,"column":22},"end":{"line":119,"column":73}},"58":{"start":{"line":121,"column":2},"end":{"line":124,"column":3}},"59":{"start":{"line":122,"column":4},"end":{"line":122,"column":47}},"60":{"start":{"line":123,"column":4},"end":{"line":123,"column":46}},"61":{"start":{"line":126,"column":2},"end":{"line":126,"column":43}},"62":{"start":{"line":127,"column":2},"end":{"line":127,"column":35}},"63":{"start":{"line":130,"column":0},"end":{"line":138,"column":2}}},"fnMap":{"0":{"name":"register","decl":{"start":{"line":7,"column":15},"end":{"line":7,"column":23}},"loc":{"start":{"line":7,"column":30},"end":{"line":38,"column":1}},"line":7},"1":{"name":"validateUser","decl":{"start":{"line":40,"column":9},"end":{"line":40,"column":21}},"loc":{"start":{"line":40,"column":28},"end":{"line":49,"column":1}},"line":40},"2":{"name":"login","decl":{"start":{"line":51,"column":15},"end":{"line":51,"column":20}},"loc":{"start":{"line":51,"column":41},"end":{"line":71,"column":1}},"line":51},"3":{"name":"getUserByUsername","decl":{"start":{"line":73,"column":15},"end":{"line":73,"column":32}},"loc":{"start":{"line":73,"column":43},"end":{"line":88,"column":1}},"line":73},"4":{"name":"getUserByUserId","decl":{"start":{"line":90,"column":15},"end":{"line":90,"column":30}},"loc":{"start":{"line":90,"column":39},"end":{"line":105,"column":1}},"line":90},"5":{"name":"sanitizeUser","decl":{"start":{"line":107,"column":9},"end":{"line":107,"column":21}},"loc":{"start":{"line":107,"column":28},"end":{"line":111,"column":1}},"line":107},"6":{"name":"deleteUserByUsername","decl":{"start":{"line":113,"column":15},"end":{"line":113,"column":35}},"loc":{"start":{"line":113,"column":46},"end":{"line":128,"column":1}},"line":113}},"branchMap":{"0":{"loc":{"start":{"line":9,"column":2},"end":{"line":12,"column":3}},"type":"if","locations":[{"start":{"line":9,"column":2},"end":{"line":12,"column":3}},{"start":{},"end":{}}],"line":9},"1":{"loc":{"start":{"line":15,"column":2},"end":{"line":18,"column":3}},"type":"if","locations":[{"start":{"line":15,"column":2},"end":{"line":18,"column":3}},{"start":{},"end":{}}],"line":15},"2":{"loc":{"start":{"line":32,"column":2},"end":{"line":37,"column":3}},"type":"if","locations":[{"start":{"line":32,"column":2},"end":{"line":37,"column":3}},{"start":{"line":35,"column":9},"end":{"line":37,"column":3}}],"line":32},"3":{"loc":{"start":{"line":42,"column":4},"end":{"line":47,"column":32}},"type":"binary-expr","locations":[{"start":{"line":42,"column":4},"end":{"line":42,"column":17}},{"start":{"line":43,"column":4},"end":{"line":43,"column":17}},{"start":{"line":44,"column":4},"end":{"line":44,"column":28}},{"start":{"line":45,"column":4},"end":{"line":45,"column":32}},{"start":{"line":46,"column":4},"end":{"line":46,"column":28}},{"start":{"line":47,"column":4},"end":{"line":47,"column":32}}],"line":42},"4":{"loc":{"start":{"line":52,"column":2},"end":{"line":55,"column":3}},"type":"if","locations":[{"start":{"line":52,"column":2},"end":{"line":55,"column":3}},{"start":{},"end":{}}],"line":52},"5":{"loc":{"start":{"line":52,"column":6},"end":{"line":52,"column":28}},"type":"binary-expr","locations":[{"start":{"line":52,"column":6},"end":{"line":52,"column":15}},{"start":{"line":52,"column":19},"end":{"line":52,"column":28}}],"line":52},"6":{"loc":{"start":{"line":58,"column":2},"end":{"line":61,"column":3}},"type":"if","locations":[{"start":{"line":58,"column":2},"end":{"line":61,"column":3}},{"start":{},"end":{}}],"line":58},"7":{"loc":{"start":{"line":64,"column":2},"end":{"line":67,"column":3}},"type":"if","locations":[{"start":{"line":64,"column":2},"end":{"line":67,"column":3}},{"start":{},"end":{}}],"line":64},"8":{"loc":{"start":{"line":74,"column":2},"end":{"line":77,"column":3}},"type":"if","locations":[{"start":{"line":74,"column":2},"end":{"line":77,"column":3}},{"start":{},"end":{}}],"line":74},"9":{"loc":{"start":{"line":74,"column":6},"end":{"line":74,"column":47}},"type":"binary-expr","locations":[{"start":{"line":74,"column":6},"end":{"line":74,"column":15}},{"start":{"line":74,"column":19},"end":{"line":74,"column":47}}],"line":74},"10":{"loc":{"start":{"line":81,"column":2},"end":{"line":84,"column":3}},"type":"if","locations":[{"start":{"line":81,"column":2},"end":{"line":84,"column":3}},{"start":{},"end":{}}],"line":81},"11":{"loc":{"start":{"line":91,"column":2},"end":{"line":94,"column":3}},"type":"if","locations":[{"start":{"line":91,"column":2},"end":{"line":94,"column":3}},{"start":{},"end":{}}],"line":91},"12":{"loc":{"start":{"line":91,"column":6},"end":{"line":91,"column":43}},"type":"binary-expr","locations":[{"start":{"line":91,"column":6},"end":{"line":91,"column":13}},{"start":{"line":91,"column":17},"end":{"line":91,"column":43}}],"line":91},"13":{"loc":{"start":{"line":98,"column":2},"end":{"line":101,"column":3}},"type":"if","locations":[{"start":{"line":98,"column":2},"end":{"line":101,"column":3}},{"start":{},"end":{}}],"line":98},"14":{"loc":{"start":{"line":114,"column":2},"end":{"line":117,"column":3}},"type":"if","locations":[{"start":{"line":114,"column":2},"end":{"line":117,"column":3}},{"start":{},"end":{}}],"line":114},"15":{"loc":{"start":{"line":114,"column":6},"end":{"line":114,"column":47}},"type":"binary-expr","locations":[{"start":{"line":114,"column":6},"end":{"line":114,"column":15}},{"start":{"line":114,"column":19},"end":{"line":114,"column":47}}],"line":114},"16":{"loc":{"start":{"line":121,"column":2},"end":{"line":124,"column":3}},"type":"if","locations":[{"start":{"line":121,"column":2},"end":{"line":124,"column":3}},{"start":{},"end":{}}],"line":121}},"s":{"0":1,"1":1,"2":1,"3":1,"4":1,"5":4,"6":1,"7":1,"8":3,"9":1,"10":1,"11":2,"12":2,"13":2,"14":2,"15":2,"16":1,"17":1,"18":1,"19":6,"20":5,"21":2,"22":2,"23":3,"24":3,"25":1,"26":1,"27":2,"28":2,"29":1,"30":1,"31":1,"32":1,"33":4,"34":2,"35":2,"36":2,"37":2,"38":1,"39":1,"40":1,"41":1,"42":4,"43":2,"44":2,"45":2,"46":2,"47":1,"48":1,"49":1,"50":1,"51":4,"52":4,"53":4,"54":4,"55":2,"56":2,"57":2,"58":2,"59":1,"60":1,"61":1,"62":1,"63":1},"f":{"0":4,"1":6,"2":5,"3":4,"4":4,"5":4,"6":4},"b":{"0":[1,3],"1":[1,2],"2":[1,1],"3":[6,5,4,4,4,4],"4":[2,3],"5":[5,4],"6":[1,2],"7":[1,1],"8":[2,2],"9":[4,3],"10":[1,1],"11":[2,2],"12":[4,3],"13":[1,1],"14":[2,2],"15":[4,3],"16":[1,1]},"_coverageSchema":"1a1c01bbd47fc00a2c39e90264f33305004495a9","hash":"2f43179e5b73780a29046567ef349c968596f4a5"}
,"C:\\Users\\scott\\revature\\training\\projects\\CampPlannerBackend\\src\\util\\appError.js": {"path":"C:\\Users\\scott\\revature\\training\\projects\\CampPlannerBackend\\src\\util\\appError.js","statementMap":{"0":{"start":{"line":3,"column":4},"end":{"line":3,"column":19}},"1":{"start":{"line":4,"column":4},"end":{"line":4,"column":33}},"2":{"start":{"line":5,"column":4},"end":{"line":5,"column":52}},"3":{"start":{"line":10,"column":21},"end":{"line":10,"column":42}},"4":{"start":{"line":12,"column":2},"end":{"line":14,"column":5}},"5":{"start":{"line":17,"column":0},"end":{"line":17,"column":47}}},"fnMap":{"0":{"name":"(anonymous_0)","decl":{"start":{"line":2,"column":2},"end":{"line":2,"column":3}},"loc":{"start":{"line":2,"column":35},"end":{"line":6,"column":3}},"line":2},"1":{"name":"errorMiddleware","decl":{"start":{"line":9,"column":9},"end":{"line":9,"column":24}},"loc":{"start":{"line":9,"column":46},"end":{"line":15,"column":1}},"line":9}},"branchMap":{"0":{"loc":{"start":{"line":10,"column":21},"end":{"line":10,"column":42}},"type":"binary-expr","locations":[{"start":{"line":10,"column":21},"end":{"line":10,"column":35}},{"start":{"line":10,"column":39},"end":{"line":10,"column":42}}],"line":10},"1":{"loc":{"start":{"line":13,"column":13},"end":{"line":13,"column":51}},"type":"binary-expr","locations":[{"start":{"line":13,"column":13},"end":{"line":13,"column":24}},{"start":{"line":13,"column":28},"end":{"line":13,"column":51}}],"line":13}},"s":{"0":16,"1":16,"2":16,"3":0,"4":0,"5":1},"f":{"0":16,"1":0},"b":{"0":[0,0],"1":[0,0]},"_coverageSchema":"1a1c01bbd47fc00a2c39e90264f33305004495a9","hash":"40498f329c5c1e1df9c5560ccfd4e1c5afac0ce7"}
}
