{"C:\\Users\\scott\\revature\\training\\projects\\CampPlannerBackend\\src\\model\\User.js": {"path":"C:\\Users\\scott\\revature\\training\\projects\\CampPlannerBackend\\src\\model\\User.js","statementMap":{"0":{"start":{"line":3,"column":4},"end":{"line":3,"column":29}},"1":{"start":{"line":4,"column":4},"end":{"line":4,"column":41}},"2":{"start":{"line":5,"column":4},"end":{"line":5,"column":31}},"3":{"start":{"line":9,"column":0},"end":{"line":9,"column":22}}},"fnMap":{"0":{"name":"(anonymous_0)","decl":{"start":{"line":2,"column":2},"end":{"line":2,"column":3}},"loc":{"start":{"line":2,"column":55},"end":{"line":6,"column":3}},"line":2}},"branchMap":{},"s":{"0":2,"1":2,"2":2,"3":1},"f":{"0":2},"b":{},"_coverageSchema":"1a1c01bbd47fc00a2c39e90264f33305004495a9","hash":"24bbf3c5786702a0e6b30e75c5f8db99b41c8ae2"}
,"C:\\Users\\scott\\revature\\training\\projects\\CampPlannerBackend\\src\\service\\ridbService.js": {"path":"C:\\Users\\scott\\revature\\training\\projects\\CampPlannerBackend\\src\\service\\ridbService.js","statementMap":{"0":{"start":{"line":1,"column":21},"end":{"line":1,"column":48}},"1":{"start":{"line":2,"column":19},"end":{"line":2,"column":44}},"2":{"start":{"line":4,"column":22},"end":{"line":4,"column":58}},"3":{"start":{"line":5,"column":21},"end":{"line":5,"column":45}},"4":{"start":{"line":9,"column":23},"end":{"line":12,"column":3}},"5":{"start":{"line":15,"column":22},"end":{"line":15,"column":66}},"6":{"start":{"line":16,"column":14},"end":{"line":16,"column":56}},"7":{"start":{"line":17,"column":14},"end":{"line":19,"column":4}},"8":{"start":{"line":21,"column":2},"end":{"line":24,"column":3}},"9":{"start":{"line":22,"column":4},"end":{"line":22,"column":31}},"10":{"start":{"line":23,"column":4},"end":{"line":23,"column":42}},"11":{"start":{"line":26,"column":15},"end":{"line":26,"column":31}},"12":{"start":{"line":29,"column":2},"end":{"line":32,"column":6}},"13":{"start":{"line":29,"column":39},"end":{"line":32,"column":3}},"14":{"start":{"line":36,"column":20},"end":{"line":36,"column":36}},"15":{"start":{"line":38,"column":2},"end":{"line":40,"column":3}},"16":{"start":{"line":39,"column":4},"end":{"line":39,"column":53}},"17":{"start":{"line":42,"column":14},"end":{"line":42,"column":65}},"18":{"start":{"line":45,"column":2},"end":{"line":52,"column":3}},"19":{"start":{"line":46,"column":4},"end":{"line":48,"column":7}},"20":{"start":{"line":50,"column":4},"end":{"line":50,"column":51}},"21":{"start":{"line":51,"column":4},"end":{"line":51,"column":57}},"22":{"start":{"line":54,"column":15},"end":{"line":54,"column":31}},"23":{"start":{"line":56,"column":2},"end":{"line":58,"column":6}},"24":{"start":{"line":56,"column":41},"end":{"line":58,"column":3}},"25":{"start":{"line":62,"column":20},"end":{"line":62,"column":36}},"26":{"start":{"line":64,"column":2},"end":{"line":66,"column":3}},"27":{"start":{"line":65,"column":4},"end":{"line":65,"column":53}},"28":{"start":{"line":68,"column":14},"end":{"line":68,"column":65}},"29":{"start":{"line":71,"column":2},"end":{"line":78,"column":3}},"30":{"start":{"line":72,"column":4},"end":{"line":74,"column":7}},"31":{"start":{"line":76,"column":4},"end":{"line":76,"column":51}},"32":{"start":{"line":77,"column":4},"end":{"line":77,"column":57}},"33":{"start":{"line":80,"column":15},"end":{"line":80,"column":31}},"34":{"start":{"line":82,"column":22},"end":{"line":84,"column":3}},"35":{"start":{"line":83,"column":18},"end":{"line":83,"column":67}},"36":{"start":{"line":86,"column":2},"end":{"line":89,"column":6}},"37":{"start":{"line":86,"column":42},"end":{"line":89,"column":3}},"38":{"start":{"line":93,"column":2},"end":{"line":108,"column":3}},"39":{"start":{"line":94,"column":16},"end":{"line":94,"column":63}},"40":{"start":{"line":95,"column":16},"end":{"line":97,"column":6}},"41":{"start":{"line":99,"column":4},"end":{"line":99,"column":69}},"42":{"start":{"line":99,"column":17},"end":{"line":99,"column":69}},"43":{"start":{"line":101,"column":17},"end":{"line":101,"column":33}},"44":{"start":{"line":102,"column":50},"end":{"line":102,"column":54}},"45":{"start":{"line":104,"column":4},"end":{"line":104,"column":70}},"46":{"start":{"line":106,"column":4},"end":{"line":106,"column":22}},"47":{"start":{"line":107,"column":4},"end":{"line":107,"column":14}},"48":{"start":{"line":111,"column":0},"end":{"line":116,"column":2}}},"fnMap":{"0":{"name":"getRecAreasByQuery","decl":{"start":{"line":7,"column":15},"end":{"line":7,"column":33}},"loc":{"start":{"line":7,"column":41},"end":{"line":33,"column":1}},"line":7},"1":{"name":"(anonymous_1)","decl":{"start":{"line":29,"column":26},"end":{"line":29,"column":27}},"loc":{"start":{"line":29,"column":39},"end":{"line":32,"column":3}},"line":29},"2":{"name":"getActivitiesByRecArea","decl":{"start":{"line":35,"column":15},"end":{"line":35,"column":37}},"loc":{"start":{"line":35,"column":46},"end":{"line":59,"column":1}},"line":35},"3":{"name":"(anonymous_3)","decl":{"start":{"line":56,"column":26},"end":{"line":56,"column":27}},"loc":{"start":{"line":56,"column":41},"end":{"line":58,"column":3}},"line":56},"4":{"name":"getCampgroundsByRecArea","decl":{"start":{"line":61,"column":15},"end":{"line":61,"column":38}},"loc":{"start":{"line":61,"column":47},"end":{"line":90,"column":1}},"line":61},"5":{"name":"(anonymous_5)","decl":{"start":{"line":83,"column":4},"end":{"line":83,"column":5}},"loc":{"start":{"line":83,"column":18},"end":{"line":83,"column":67}},"line":83},"6":{"name":"(anonymous_6)","decl":{"start":{"line":86,"column":25},"end":{"line":86,"column":26}},"loc":{"start":{"line":86,"column":42},"end":{"line":89,"column":3}},"line":86},"7":{"name":"getCoordsByRecId","decl":{"start":{"line":92,"column":15},"end":{"line":92,"column":31}},"loc":{"start":{"line":92,"column":40},"end":{"line":109,"column":1}},"line":92}},"branchMap":{"0":{"loc":{"start":{"line":11,"column":11},"end":{"line":11,"column":51}},"type":"cond-expr","locations":[{"start":{"line":11,"column":25},"end":{"line":11,"column":46}},{"start":{"line":11,"column":49},"end":{"line":11,"column":51}}],"line":11},"1":{"loc":{"start":{"line":21,"column":2},"end":{"line":24,"column":3}},"type":"if","locations":[{"start":{"line":21,"column":2},"end":{"line":24,"column":3}},{"start":{},"end":{}}],"line":21},"2":{"loc":{"start":{"line":38,"column":2},"end":{"line":40,"column":3}},"type":"if","locations":[{"start":{"line":38,"column":2},"end":{"line":40,"column":3}},{"start":{},"end":{}}],"line":38},"3":{"loc":{"start":{"line":64,"column":2},"end":{"line":66,"column":3}},"type":"if","locations":[{"start":{"line":64,"column":2},"end":{"line":66,"column":3}},{"start":{},"end":{}}],"line":64},"4":{"loc":{"start":{"line":99,"column":4},"end":{"line":99,"column":69}},"type":"if","locations":[{"start":{"line":99,"column":4},"end":{"line":99,"column":69}},{"start":{},"end":{}}],"line":99}},"s":{"0":1,"1":1,"2":1,"3":1,"4":3,"5":3,"6":3,"7":3,"8":3,"9":1,"10":1,"11":2,"12":2,"13":8,"14":3,"15":3,"16":1,"17":2,"18":2,"19":2,"20":1,"21":1,"22":1,"23":1,"24":13,"25":3,"26":3,"27":1,"28":2,"29":2,"30":2,"31":1,"32":1,"33":1,"34":1,"35":2,"36":1,"37":1,"38":2,"39":2,"40":2,"41":2,"42":1,"43":1,"44":1,"45":1,"46":1,"47":1,"48":1},"f":{"0":3,"1":8,"2":3,"3":13,"4":3,"5":2,"6":1,"7":2},"b":{"0":[1,2],"1":[1,2],"2":[1,2],"3":[1,2],"4":[1,1]},"_coverageSchema":"1a1c01bbd47fc00a2c39e90264f33305004495a9","hash":"d1ea6c24480810d0e4d91a84d232781b7220f7f5"}
,"C:\\Users\\scott\\revature\\training\\projects\\CampPlannerBackend\\src\\service\\tripService.js": {"path":"C:\\Users\\scott\\revature\\training\\projects\\CampPlannerBackend\\src\\service\\tripService.js","statementMap":{"0":{"start":{"line":1,"column":23},"end":{"line":1,"column":62}},"1":{"start":{"line":2,"column":23},"end":{"line":2,"column":62}},"2":{"start":{"line":3,"column":19},"end":{"line":3,"column":44}},"3":{"start":{"line":4,"column":21},"end":{"line":4,"column":48}},"4":{"start":{"line":8,"column":15},"end":{"line":8,"column":56}},"5":{"start":{"line":9,"column":2},"end":{"line":12,"column":3}},"6":{"start":{"line":10,"column":4},"end":{"line":10,"column":45}},"7":{"start":{"line":11,"column":4},"end":{"line":11,"column":57}},"8":{"start":{"line":13,"column":2},"end":{"line":13,"column":52}},"9":{"start":{"line":14,"column":2},"end":{"line":14,"column":14}},"10":{"start":{"line":19,"column":19},"end":{"line":19,"column":32}},"11":{"start":{"line":20,"column":17},"end":{"line":20,"column":42}},"12":{"start":{"line":22,"column":2},"end":{"line":22,"column":66}},"13":{"start":{"line":23,"column":16},"end":{"line":23,"column":61}},"14":{"start":{"line":24,"column":2},"end":{"line":24,"column":15}},"15":{"start":{"line":29,"column":16},"end":{"line":29,"column":72}},"16":{"start":{"line":30,"column":2},"end":{"line":30,"column":15}},"17":{"start":{"line":35,"column":18},"end":{"line":35,"column":69}},"18":{"start":{"line":36,"column":2},"end":{"line":36,"column":17}},"19":{"start":{"line":41,"column":20},"end":{"line":41,"column":31}},"20":{"start":{"line":42,"column":2},"end":{"line":45,"column":3}},"21":{"start":{"line":43,"column":4},"end":{"line":43,"column":52}},"22":{"start":{"line":44,"column":4},"end":{"line":44,"column":50}},"23":{"start":{"line":46,"column":15},"end":{"line":46,"column":74}},"24":{"start":{"line":47,"column":2},"end":{"line":47,"column":14}},"25":{"start":{"line":50,"column":0},"end":{"line":56,"column":2}}},"fnMap":{"0":{"name":"createTrip","decl":{"start":{"line":7,"column":15},"end":{"line":7,"column":25}},"loc":{"start":{"line":7,"column":36},"end":{"line":15,"column":1}},"line":7},"1":{"name":"getTripsByUsername","decl":{"start":{"line":17,"column":15},"end":{"line":17,"column":33}},"loc":{"start":{"line":17,"column":40},"end":{"line":25,"column":1}},"line":17},"2":{"name":"getInvitedTrips","decl":{"start":{"line":27,"column":15},"end":{"line":27,"column":30}},"loc":{"start":{"line":27,"column":37},"end":{"line":31,"column":1}},"line":27},"3":{"name":"getInvites","decl":{"start":{"line":33,"column":15},"end":{"line":33,"column":25}},"loc":{"start":{"line":33,"column":32},"end":{"line":37,"column":1}},"line":33},"4":{"name":"updateInvite","decl":{"start":{"line":39,"column":15},"end":{"line":39,"column":27}},"loc":{"start":{"line":39,"column":48},"end":{"line":48,"column":1}},"line":39}},"branchMap":{"0":{"loc":{"start":{"line":9,"column":2},"end":{"line":12,"column":3}},"type":"if","locations":[{"start":{"line":9,"column":2},"end":{"line":12,"column":3}},{"start":{},"end":{}}],"line":9},"1":{"loc":{"start":{"line":42,"column":2},"end":{"line":45,"column":3}},"type":"if","locations":[{"start":{"line":42,"column":2},"end":{"line":45,"column":3}},{"start":{},"end":{}}],"line":42}},"s":{"0":1,"1":1,"2":1,"3":1,"4":2,"5":2,"6":1,"7":1,"8":1,"9":1,"10":2,"11":2,"12":2,"13":2,"14":2,"15":1,"16":1,"17":2,"18":2,"19":2,"20":2,"21":1,"22":1,"23":1,"24":1,"25":1},"f":{"0":2,"1":2,"2":1,"3":2,"4":2},"b":{"0":[1,1],"1":[1,1]},"_coverageSchema":"1a1c01bbd47fc00a2c39e90264f33305004495a9","hash":"9a466b5dd33ddb34a23f4869f94db17efd57334e"}
,"C:\\Users\\scott\\revature\\training\\projects\\CampPlannerBackend\\src\\service\\userService.js": {"path":"C:\\Users\\scott\\revature\\training\\projects\\CampPlannerBackend\\src\\service\\userService.js","statementMap":{"0":{"start":{"line":1,"column":23},"end":{"line":1,"column":62}},"1":{"start":{"line":2,"column":19},"end":{"line":2,"column":44}},"2":{"start":{"line":3,"column":15},"end":{"line":3,"column":34}},"3":{"start":{"line":4,"column":13},"end":{"line":4,"column":37}},"4":{"start":{"line":5,"column":21},"end":{"line":5,"column":48}},"5":{"start":{"line":9,"column":2},"end":{"line":12,"column":3}},"6":{"start":{"line":10,"column":4},"end":{"line":10,"column":65}},"7":{"start":{"line":11,"column":4},"end":{"line":11,"column":59}},"8":{"start":{"line":15,"column":2},"end":{"line":18,"column":3}},"9":{"start":{"line":16,"column":4},"end":{"line":16,"column":48}},"10":{"start":{"line":17,"column":4},"end":{"line":17,"column":60}},"11":{"start":{"line":21,"column":21},"end":{"line":21,"column":23}},"12":{"start":{"line":22,"column":17},"end":{"line":22,"column":61}},"13":{"start":{"line":23,"column":20},"end":{"line":27,"column":4}},"14":{"start":{"line":30,"column":20},"end":{"line":30,"column":62}},"15":{"start":{"line":32,"column":2},"end":{"line":37,"column":3}},"16":{"start":{"line":33,"column":4},"end":{"line":33,"column":55}},"17":{"start":{"line":34,"column":4},"end":{"line":34,"column":21}},"18":{"start":{"line":36,"column":4},"end":{"line":36,"column":48}},"19":{"start":{"line":41,"column":2},"end":{"line":48,"column":4}},"20":{"start":{"line":52,"column":2},"end":{"line":55,"column":3}},"21":{"start":{"line":53,"column":4},"end":{"line":53,"column":48}},"22":{"start":{"line":54,"column":4},"end":{"line":54,"column":66}},"23":{"start":{"line":57,"column":15},"end":{"line":57,"column":63}},"24":{"start":{"line":58,"column":2},"end":{"line":61,"column":3}},"25":{"start":{"line":59,"column":4},"end":{"line":59,"column":62}},"26":{"start":{"line":60,"column":4},"end":{"line":60,"column":51}},"27":{"start":{"line":63,"column":16},"end":{"line":63,"column":67}},"28":{"start":{"line":64,"column":2},"end":{"line":67,"column":3}},"29":{"start":{"line":65,"column":4},"end":{"line":65,"column":66}},"30":{"start":{"line":66,"column":4},"end":{"line":66,"column":51}},"31":{"start":{"line":69,"column":2},"end":{"line":69,"column":39}},"32":{"start":{"line":70,"column":2},"end":{"line":70,"column":14}},"33":{"start":{"line":74,"column":2},"end":{"line":77,"column":3}},"34":{"start":{"line":75,"column":4},"end":{"line":75,"column":49}},"35":{"start":{"line":76,"column":4},"end":{"line":76,"column":48}},"36":{"start":{"line":79,"column":15},"end":{"line":79,"column":63}},"37":{"start":{"line":81,"column":2},"end":{"line":84,"column":3}},"38":{"start":{"line":82,"column":4},"end":{"line":82,"column":47}},"39":{"start":{"line":83,"column":4},"end":{"line":83,"column":46}},"40":{"start":{"line":86,"column":2},"end":{"line":86,"column":45}},"41":{"start":{"line":87,"column":2},"end":{"line":87,"column":28}},"42":{"start":{"line":91,"column":2},"end":{"line":94,"column":3}},"43":{"start":{"line":92,"column":4},"end":{"line":92,"column":45}},"44":{"start":{"line":93,"column":4},"end":{"line":93,"column":46}},"45":{"start":{"line":96,"column":15},"end":{"line":96,"column":59}},"46":{"start":{"line":98,"column":2},"end":{"line":101,"column":3}},"47":{"start":{"line":99,"column":4},"end":{"line":99,"column":43}},"48":{"start":{"line":100,"column":4},"end":{"line":100,"column":44}},"49":{"start":{"line":103,"column":2},"end":{"line":103,"column":43}},"50":{"start":{"line":104,"column":2},"end":{"line":104,"column":28}},"51":{"start":{"line":108,"column":42},"end":{"line":108,"column":46}},"52":{"start":{"line":109,"column":2},"end":{"line":109,"column":18}},"53":{"start":{"line":113,"column":2},"end":{"line":116,"column":3}},"54":{"start":{"line":114,"column":4},"end":{"line":114,"column":49}},"55":{"start":{"line":115,"column":4},"end":{"line":115,"column":48}},"56":{"start":{"line":118,"column":22},"end":{"line":118,"column":73}},"57":{"start":{"line":120,"column":2},"end":{"line":123,"column":3}},"58":{"start":{"line":121,"column":4},"end":{"line":121,"column":47}},"59":{"start":{"line":122,"column":4},"end":{"line":122,"column":46}},"60":{"start":{"line":125,"column":2},"end":{"line":125,"column":43}},"61":{"start":{"line":126,"column":2},"end":{"line":126,"column":35}},"62":{"start":{"line":129,"column":0},"end":{"line":137,"column":2}}},"fnMap":{"0":{"name":"register","decl":{"start":{"line":7,"column":15},"end":{"line":7,"column":23}},"loc":{"start":{"line":7,"column":30},"end":{"line":38,"column":1}},"line":7},"1":{"name":"validateUser","decl":{"start":{"line":40,"column":9},"end":{"line":40,"column":21}},"loc":{"start":{"line":40,"column":28},"end":{"line":49,"column":1}},"line":40},"2":{"name":"login","decl":{"start":{"line":51,"column":15},"end":{"line":51,"column":20}},"loc":{"start":{"line":51,"column":41},"end":{"line":71,"column":1}},"line":51},"3":{"name":"getUserByUsername","decl":{"start":{"line":73,"column":15},"end":{"line":73,"column":32}},"loc":{"start":{"line":73,"column":43},"end":{"line":88,"column":1}},"line":73},"4":{"name":"getUserByUserId","decl":{"start":{"line":90,"column":15},"end":{"line":90,"column":30}},"loc":{"start":{"line":90,"column":39},"end":{"line":105,"column":1}},"line":90},"5":{"name":"sanitizeUser","decl":{"start":{"line":107,"column":9},"end":{"line":107,"column":21}},"loc":{"start":{"line":107,"column":28},"end":{"line":110,"column":1}},"line":107},"6":{"name":"deleteUserByUsername","decl":{"start":{"line":112,"column":15},"end":{"line":112,"column":35}},"loc":{"start":{"line":112,"column":46},"end":{"line":127,"column":1}},"line":112}},"branchMap":{"0":{"loc":{"start":{"line":9,"column":2},"end":{"line":12,"column":3}},"type":"if","locations":[{"start":{"line":9,"column":2},"end":{"line":12,"column":3}},{"start":{},"end":{}}],"line":9},"1":{"loc":{"start":{"line":15,"column":2},"end":{"line":18,"column":3}},"type":"if","locations":[{"start":{"line":15,"column":2},"end":{"line":18,"column":3}},{"start":{},"end":{}}],"line":15},"2":{"loc":{"start":{"line":32,"column":2},"end":{"line":37,"column":3}},"type":"if","locations":[{"start":{"line":32,"column":2},"end":{"line":37,"column":3}},{"start":{"line":35,"column":9},"end":{"line":37,"column":3}}],"line":32},"3":{"loc":{"start":{"line":42,"column":4},"end":{"line":47,"column":32}},"type":"binary-expr","locations":[{"start":{"line":42,"column":4},"end":{"line":42,"column":17}},{"start":{"line":43,"column":4},"end":{"line":43,"column":17}},{"start":{"line":44,"column":4},"end":{"line":44,"column":28}},{"start":{"line":45,"column":4},"end":{"line":45,"column":32}},{"start":{"line":46,"column":4},"end":{"line":46,"column":28}},{"start":{"line":47,"column":4},"end":{"line":47,"column":32}}],"line":42},"4":{"loc":{"start":{"line":52,"column":2},"end":{"line":55,"column":3}},"type":"if","locations":[{"start":{"line":52,"column":2},"end":{"line":55,"column":3}},{"start":{},"end":{}}],"line":52},"5":{"loc":{"start":{"line":52,"column":6},"end":{"line":52,"column":28}},"type":"binary-expr","locations":[{"start":{"line":52,"column":6},"end":{"line":52,"column":15}},{"start":{"line":52,"column":19},"end":{"line":52,"column":28}}],"line":52},"6":{"loc":{"start":{"line":58,"column":2},"end":{"line":61,"column":3}},"type":"if","locations":[{"start":{"line":58,"column":2},"end":{"line":61,"column":3}},{"start":{},"end":{}}],"line":58},"7":{"loc":{"start":{"line":64,"column":2},"end":{"line":67,"column":3}},"type":"if","locations":[{"start":{"line":64,"column":2},"end":{"line":67,"column":3}},{"start":{},"end":{}}],"line":64},"8":{"loc":{"start":{"line":74,"column":2},"end":{"line":77,"column":3}},"type":"if","locations":[{"start":{"line":74,"column":2},"end":{"line":77,"column":3}},{"start":{},"end":{}}],"line":74},"9":{"loc":{"start":{"line":74,"column":6},"end":{"line":74,"column":47}},"type":"binary-expr","locations":[{"start":{"line":74,"column":6},"end":{"line":74,"column":15}},{"start":{"line":74,"column":19},"end":{"line":74,"column":47}}],"line":74},"10":{"loc":{"start":{"line":81,"column":2},"end":{"line":84,"column":3}},"type":"if","locations":[{"start":{"line":81,"column":2},"end":{"line":84,"column":3}},{"start":{},"end":{}}],"line":81},"11":{"loc":{"start":{"line":91,"column":2},"end":{"line":94,"column":3}},"type":"if","locations":[{"start":{"line":91,"column":2},"end":{"line":94,"column":3}},{"start":{},"end":{}}],"line":91},"12":{"loc":{"start":{"line":91,"column":6},"end":{"line":91,"column":43}},"type":"binary-expr","locations":[{"start":{"line":91,"column":6},"end":{"line":91,"column":13}},{"start":{"line":91,"column":17},"end":{"line":91,"column":43}}],"line":91},"13":{"loc":{"start":{"line":98,"column":2},"end":{"line":101,"column":3}},"type":"if","locations":[{"start":{"line":98,"column":2},"end":{"line":101,"column":3}},{"start":{},"end":{}}],"line":98},"14":{"loc":{"start":{"line":113,"column":2},"end":{"line":116,"column":3}},"type":"if","locations":[{"start":{"line":113,"column":2},"end":{"line":116,"column":3}},{"start":{},"end":{}}],"line":113},"15":{"loc":{"start":{"line":113,"column":6},"end":{"line":113,"column":47}},"type":"binary-expr","locations":[{"start":{"line":113,"column":6},"end":{"line":113,"column":15}},{"start":{"line":113,"column":19},"end":{"line":113,"column":47}}],"line":113},"16":{"loc":{"start":{"line":120,"column":2},"end":{"line":123,"column":3}},"type":"if","locations":[{"start":{"line":120,"column":2},"end":{"line":123,"column":3}},{"start":{},"end":{}}],"line":120}},"s":{"0":1,"1":1,"2":1,"3":1,"4":1,"5":4,"6":1,"7":1,"8":3,"9":1,"10":1,"11":2,"12":2,"13":2,"14":2,"15":2,"16":1,"17":1,"18":1,"19":6,"20":5,"21":2,"22":2,"23":3,"24":3,"25":1,"26":1,"27":2,"28":2,"29":1,"30":1,"31":1,"32":1,"33":4,"34":2,"35":2,"36":2,"37":2,"38":1,"39":1,"40":1,"41":1,"42":4,"43":2,"44":2,"45":2,"46":2,"47":1,"48":1,"49":1,"50":1,"51":4,"52":4,"53":4,"54":2,"55":2,"56":2,"57":2,"58":1,"59":1,"60":1,"61":1,"62":1},"f":{"0":4,"1":6,"2":5,"3":4,"4":4,"5":4,"6":4},"b":{"0":[1,3],"1":[1,2],"2":[1,1],"3":[6,5,4,4,4,4],"4":[2,3],"5":[5,4],"6":[1,2],"7":[1,1],"8":[2,2],"9":[4,3],"10":[1,1],"11":[2,2],"12":[4,3],"13":[1,1],"14":[2,2],"15":[4,3],"16":[1,1]},"_coverageSchema":"1a1c01bbd47fc00a2c39e90264f33305004495a9","hash":"a58020ea7800c644d65909acb610d445520d2869"}
,"C:\\Users\\scott\\revature\\training\\projects\\CampPlannerBackend\\src\\service\\weatherService.js": {"path":"C:\\Users\\scott\\revature\\training\\projects\\CampPlannerBackend\\src\\service\\weatherService.js","statementMap":{"0":{"start":{"line":1,"column":21},"end":{"line":1,"column":48}},"1":{"start":{"line":2,"column":19},"end":{"line":2,"column":44}},"2":{"start":{"line":4,"column":25},"end":{"line":4,"column":65}},"3":{"start":{"line":13,"column":23},"end":{"line":20,"column":4}},"4":{"start":{"line":22,"column":14},"end":{"line":22,"column":62}},"5":{"start":{"line":23,"column":14},"end":{"line":23,"column":30}},"6":{"start":{"line":24,"column":2},"end":{"line":24,"column":45}},"7":{"start":{"line":26,"column":2},"end":{"line":29,"column":3}},"8":{"start":{"line":27,"column":4},"end":{"line":27,"column":52}},"9":{"start":{"line":28,"column":4},"end":{"line":28,"column":45}},"10":{"start":{"line":31,"column":15},"end":{"line":31,"column":31}},"11":{"start":{"line":34,"column":17},"end":{"line":41,"column":5}},"12":{"start":{"line":34,"column":53},"end":{"line":41,"column":3}},"13":{"start":{"line":43,"column":2},"end":{"line":43,"column":16}},"14":{"start":{"line":46,"column":0},"end":{"line":46,"column":39}}},"fnMap":{"0":{"name":"getWeatherByQuery","decl":{"start":{"line":6,"column":15},"end":{"line":6,"column":32}},"loc":{"start":{"line":11,"column":3},"end":{"line":44,"column":1}},"line":11},"1":{"name":"(anonymous_1)","decl":{"start":{"line":34,"column":37},"end":{"line":34,"column":38}},"loc":{"start":{"line":34,"column":53},"end":{"line":41,"column":3}},"line":34}},"branchMap":{"0":{"loc":{"start":{"line":26,"column":2},"end":{"line":29,"column":3}},"type":"if","locations":[{"start":{"line":26,"column":2},"end":{"line":29,"column":3}},{"start":{},"end":{}}],"line":26},"1":{"loc":{"start":{"line":38,"column":15},"end":{"line":38,"column":64}},"type":"binary-expr","locations":[{"start":{"line":38,"column":15},"end":{"line":38,"column":56}},{"start":{"line":38,"column":60},"end":{"line":38,"column":64}}],"line":38},"2":{"loc":{"start":{"line":38,"column":16},"end":{"line":38,"column":50}},"type":"binary-expr","locations":[{"start":{"line":38,"column":16},"end":{"line":38,"column":44}},{"start":{"line":38,"column":48},"end":{"line":38,"column":50}}],"line":38},"3":{"loc":{"start":{"line":39,"column":19},"end":{"line":39,"column":68}},"type":"binary-expr","locations":[{"start":{"line":39,"column":19},"end":{"line":39,"column":60}},{"start":{"line":39,"column":64},"end":{"line":39,"column":68}}],"line":39},"4":{"loc":{"start":{"line":39,"column":20},"end":{"line":39,"column":54}},"type":"binary-expr","locations":[{"start":{"line":39,"column":20},"end":{"line":39,"column":48}},{"start":{"line":39,"column":52},"end":{"line":39,"column":54}}],"line":39},"5":{"loc":{"start":{"line":40,"column":17},"end":{"line":40,"column":60}},"type":"binary-expr","locations":[{"start":{"line":40,"column":17},"end":{"line":40,"column":52}},{"start":{"line":40,"column":56},"end":{"line":40,"column":60}}],"line":40},"6":{"loc":{"start":{"line":40,"column":18},"end":{"line":40,"column":46}},"type":"binary-expr","locations":[{"start":{"line":40,"column":18},"end":{"line":40,"column":40}},{"start":{"line":40,"column":44},"end":{"line":40,"column":46}}],"line":40}},"s":{"0":1,"1":1,"2":1,"3":3,"4":3,"5":3,"6":3,"7":3,"8":1,"9":1,"10":2,"11":2,"12":4,"13":2,"14":1},"f":{"0":3,"1":4},"b":{"0":[1,2],"1":[4,1],"2":[4,1],"3":[4,1],"4":[4,1],"5":[4,1],"6":[4,1]},"_coverageSchema":"1a1c01bbd47fc00a2c39e90264f33305004495a9","hash":"63c284fbcd19469e6fc14102dd3b3013315677e2"}
,"C:\\Users\\scott\\revature\\training\\projects\\CampPlannerBackend\\src\\util\\appError.js": {"path":"C:\\Users\\scott\\revature\\training\\projects\\CampPlannerBackend\\src\\util\\appError.js","statementMap":{"0":{"start":{"line":3,"column":4},"end":{"line":3,"column":19}},"1":{"start":{"line":4,"column":4},"end":{"line":4,"column":33}},"2":{"start":{"line":5,"column":4},"end":{"line":5,"column":52}},"3":{"start":{"line":10,"column":21},"end":{"line":10,"column":42}},"4":{"start":{"line":12,"column":2},"end":{"line":14,"column":5}},"5":{"start":{"line":17,"column":0},"end":{"line":17,"column":47}}},"fnMap":{"0":{"name":"(anonymous_0)","decl":{"start":{"line":2,"column":2},"end":{"line":2,"column":3}},"loc":{"start":{"line":2,"column":35},"end":{"line":6,"column":3}},"line":2},"1":{"name":"errorMiddleware","decl":{"start":{"line":9,"column":9},"end":{"line":9,"column":24}},"loc":{"start":{"line":9,"column":46},"end":{"line":15,"column":1}},"line":9}},"branchMap":{"0":{"loc":{"start":{"line":10,"column":21},"end":{"line":10,"column":42}},"type":"binary-expr","locations":[{"start":{"line":10,"column":21},"end":{"line":10,"column":35}},{"start":{"line":10,"column":39},"end":{"line":10,"column":42}}],"line":10},"1":{"loc":{"start":{"line":13,"column":13},"end":{"line":13,"column":51}},"type":"binary-expr","locations":[{"start":{"line":13,"column":13},"end":{"line":13,"column":24}},{"start":{"line":13,"column":28},"end":{"line":13,"column":51}}],"line":13}},"s":{"0":25,"1":25,"2":25,"3":0,"4":0,"5":4},"f":{"0":25,"1":0},"b":{"0":[0,0],"1":[0,0]},"_coverageSchema":"1a1c01bbd47fc00a2c39e90264f33305004495a9","hash":"40498f329c5c1e1df9c5560ccfd4e1c5afac0ce7"}
}
