TN:
SF:src\model\User.js
FN:2,(anonymous_0)
FNF:1
FNH:1
FNDA:2,(anonymous_0)
DA:3,2
DA:4,2
DA:5,2
DA:9,1
LF:4
LH:4
BRF:0
BRH:0
end_of_record
TN:
SF:src\service\ridbService.js
FN:7,getRecAreasByQuery
FN:29,(anonymous_1)
FN:35,getActivitiesByRecArea
FN:56,(anonymous_3)
FN:61,getCampgroundsByRecArea
FN:83,(anonymous_5)
FN:86,(anonymous_6)
FN:92,getCoordsByRecId
FNF:8
FNH:8
FNDA:3,getRecAreasByQuery
FNDA:8,(anonymous_1)
FNDA:3,getActivitiesByRecArea
FNDA:13,(anonymous_3)
FNDA:3,getCampgroundsByRecArea
FNDA:2,(anonymous_5)
FNDA:1,(anonymous_6)
FNDA:2,getCoordsByRecId
DA:1,1
DA:2,1
DA:4,1
DA:5,1
DA:9,3
DA:15,3
DA:16,3
DA:17,3
DA:21,3
DA:22,1
DA:23,1
DA:26,2
DA:29,8
DA:36,3
DA:38,3
DA:39,1
DA:42,2
DA:45,2
DA:46,2
DA:50,1
DA:51,1
DA:54,1
DA:56,13
DA:62,3
DA:64,3
DA:65,1
DA:68,2
DA:71,2
DA:72,2
DA:76,1
DA:77,1
DA:80,1
DA:82,1
DA:83,2
DA:86,1
DA:93,2
DA:94,2
DA:95,2
DA:99,2
DA:101,1
DA:102,1
DA:104,1
DA:106,1
DA:107,1
DA:111,1
LF:45
LH:45
BRDA:11,0,0,1
BRDA:11,0,1,2
BRDA:21,1,0,1
BRDA:21,1,1,2
BRDA:38,2,0,1
BRDA:38,2,1,2
BRDA:64,3,0,1
BRDA:64,3,1,2
BRDA:99,4,0,1
BRDA:99,4,1,1
BRF:10
BRH:10
end_of_record
TN:
SF:src\service\tripService.js
FN:7,createTrip
FN:17,getTripsByUsername
FN:27,getInvitedTrips
FN:33,getInvites
FN:39,updateInvite
FNF:5
FNH:5
FNDA:2,createTrip
FNDA:2,getTripsByUsername
FNDA:1,getInvitedTrips
FNDA:2,getInvites
FNDA:2,updateInvite
DA:1,1
DA:2,1
DA:3,1
DA:4,1
DA:8,2
DA:9,2
DA:10,1
DA:11,1
DA:13,1
DA:14,1
DA:19,2
DA:20,2
DA:22,2
DA:23,2
DA:24,2
DA:29,1
DA:30,1
DA:35,2
DA:36,2
DA:41,2
DA:42,2
DA:43,1
DA:44,1
DA:46,1
DA:47,1
DA:50,1
LF:26
LH:26
BRDA:9,0,0,1
BRDA:9,0,1,1
BRDA:42,1,0,1
BRDA:42,1,1,1
BRF:4
BRH:4
end_of_record
TN:
SF:src\service\userService.js
FN:7,register
FN:40,validateUser
FN:51,login
FN:73,getUserByUsername
FN:90,getUserByUserId
FN:107,sanitizeUser
FN:112,deleteUserByUsername
FNF:7
FNH:7
FNDA:4,register
FNDA:6,validateUser
FNDA:5,login
FNDA:4,getUserByUsername
FNDA:4,getUserByUserId
FNDA:4,sanitizeUser
FNDA:4,deleteUserByUsername
DA:1,1
DA:2,1
DA:3,1
DA:4,1
DA:5,1
DA:9,4
DA:10,1
DA:11,1
DA:15,3
DA:16,1
DA:17,1
DA:21,2
DA:22,2
DA:23,2
DA:30,2
DA:32,2
DA:33,1
DA:34,1
DA:36,1
DA:41,6
DA:52,5
DA:53,2
DA:54,2
DA:57,3
DA:58,3
DA:59,1
DA:60,1
DA:63,2
DA:64,2
DA:65,1
DA:66,1
DA:69,1
DA:70,1
DA:74,4
DA:75,2
DA:76,2
DA:79,2
DA:81,2
DA:82,1
DA:83,1
DA:86,1
DA:87,1
DA:91,4
DA:92,2
DA:93,2
DA:96,2
DA:98,2
DA:99,1
DA:100,1
DA:103,1
DA:104,1
DA:108,4
DA:109,4
DA:113,4
DA:114,2
DA:115,2
DA:118,2
DA:120,2
DA:121,1
DA:122,1
DA:125,1
DA:126,1
DA:129,1
LF:63
LH:63
BRDA:9,0,0,1
BRDA:9,0,1,3
BRDA:15,1,0,1
BRDA:15,1,1,2
BRDA:32,2,0,1
BRDA:32,2,1,1
BRDA:42,3,0,6
BRDA:42,3,1,5
BRDA:42,3,2,4
BRDA:42,3,3,4
BRDA:42,3,4,4
BRDA:42,3,5,4
BRDA:52,4,0,2
BRDA:52,4,1,3
BRDA:52,5,0,5
BRDA:52,5,1,4
BRDA:58,6,0,1
BRDA:58,6,1,2
BRDA:64,7,0,1
BRDA:64,7,1,1
BRDA:74,8,0,2
BRDA:74,8,1,2
BRDA:74,9,0,4
BRDA:74,9,1,3
BRDA:81,10,0,1
BRDA:81,10,1,1
BRDA:91,11,0,2
BRDA:91,11,1,2
BRDA:91,12,0,4
BRDA:91,12,1,3
BRDA:98,13,0,1
BRDA:98,13,1,1
BRDA:113,14,0,2
BRDA:113,14,1,2
BRDA:113,15,0,4
BRDA:113,15,1,3
BRDA:120,16,0,1
BRDA:120,16,1,1
BRF:38
BRH:38
end_of_record
TN:
SF:src\service\weatherService.js
FN:6,getWeatherByQuery
FN:34,(anonymous_1)
FNF:2
FNH:2
FNDA:3,getWeatherByQuery
FNDA:4,(anonymous_1)
DA:1,1
DA:2,1
DA:4,1
DA:13,3
DA:22,3
DA:23,3
DA:24,3
DA:26,3
DA:27,1
DA:28,1
DA:31,2
DA:34,4
DA:43,2
DA:46,1
LF:14
LH:14
BRDA:26,0,0,1
BRDA:26,0,1,2
BRDA:38,1,0,4
BRDA:38,1,1,1
BRDA:38,2,0,4
BRDA:38,2,1,1
BRDA:39,3,0,4
BRDA:39,3,1,1
BRDA:39,4,0,4
BRDA:39,4,1,1
BRDA:40,5,0,4
BRDA:40,5,1,1
BRDA:40,6,0,4
BRDA:40,6,1,1
BRF:14
BRH:14
end_of_record
TN:
SF:src\util\appError.js
FN:2,(anonymous_0)
FN:9,errorMiddleware
FNF:2
FNH:1
FNDA:25,(anonymous_0)
FNDA:0,errorMiddleware
DA:3,25
DA:4,25
DA:5,25
DA:10,0
DA:12,0
DA:17,4
LF:6
LH:4
BRDA:10,0,0,0
BRDA:10,0,1,0
BRDA:13,1,0,0
BRDA:13,1,1,0
BRF:4
BRH:0
end_of_record
