TN:
SF:src\model\User.js
FN:2,(anonymous_0)
FNF:1
FNH:1
FNDA:2,(anonymous_0)
DA:3,2
DA:4,2
DA:5,2
DA:9,1
LF:4
LH:4
BRF:0
BRH:0
end_of_record
TN:
SF:src\service\userService.js
FN:7,register
FN:40,validateUser
FN:51,login
FN:73,getUserByUsername
FN:90,getUserByUserId
FN:107,sanitizeUser
FN:113,deleteUserByUsername
FNF:7
FNH:7
FNDA:4,register
FNDA:6,validateUser
FNDA:5,login
FNDA:4,getUserByUsername
FNDA:4,getUserByUserId
FNDA:4,sanitizeUser
FNDA:4,deleteUserByUsername
DA:1,1
DA:2,1
DA:3,1
DA:4,1
DA:5,1
DA:9,4
DA:10,1
DA:11,1
DA:15,3
DA:16,1
DA:17,1
DA:21,2
DA:22,2
DA:23,2
DA:30,2
DA:32,2
DA:33,1
DA:34,1
DA:36,1
DA:41,6
DA:52,5
DA:53,2
DA:54,2
DA:57,3
DA:58,3
DA:59,1
DA:60,1
DA:63,2
DA:64,2
DA:65,1
DA:66,1
DA:69,1
DA:70,1
DA:74,4
DA:75,2
DA:76,2
DA:79,2
DA:81,2
DA:82,1
DA:83,1
DA:86,1
DA:87,1
DA:91,4
DA:92,2
DA:93,2
DA:96,2
DA:98,2
DA:99,1
DA:100,1
DA:103,1
DA:104,1
DA:108,4
DA:109,4
DA:110,4
DA:114,4
DA:115,2
DA:116,2
DA:119,2
DA:121,2
DA:122,1
DA:123,1
DA:126,1
DA:127,1
DA:130,1
LF:64
LH:64
BRDA:9,0,0,1
BRDA:9,0,1,3
BRDA:15,1,0,1
BRDA:15,1,1,2
BRDA:32,2,0,1
BRDA:32,2,1,1
BRDA:42,3,0,6
BRDA:42,3,1,5
BRDA:42,3,2,4
BRDA:42,3,3,4
BRDA:42,3,4,4
BRDA:42,3,5,4
BRDA:52,4,0,2
BRDA:52,4,1,3
BRDA:52,5,0,5
BRDA:52,5,1,4
BRDA:58,6,0,1
BRDA:58,6,1,2
BRDA:64,7,0,1
BRDA:64,7,1,1
BRDA:74,8,0,2
BRDA:74,8,1,2
BRDA:74,9,0,4
BRDA:74,9,1,3
BRDA:81,10,0,1
BRDA:81,10,1,1
BRDA:91,11,0,2
BRDA:91,11,1,2
BRDA:91,12,0,4
BRDA:91,12,1,3
BRDA:98,13,0,1
BRDA:98,13,1,1
BRDA:114,14,0,2
BRDA:114,14,1,2
BRDA:114,15,0,4
BRDA:114,15,1,3
BRDA:121,16,0,1
BRDA:121,16,1,1
BRF:38
BRH:38
end_of_record
TN:
SF:src\util\appError.js
FN:2,(anonymous_0)
FN:9,errorMiddleware
FNF:2
FNH:1
FNDA:16,(anonymous_0)
FNDA:0,errorMiddleware
DA:3,16
DA:4,16
DA:5,16
DA:10,0
DA:12,0
DA:17,1
LF:6
LH:4
BRDA:10,0,0,0
BRDA:10,0,1,0
BRDA:13,1,0,0
BRDA:13,1,1,0
BRF:4
BRH:0
end_of_record
